<?xml version="1.0" encoding="utf-8"?><testsuites name="pytest tests"><testsuite name="pytest" errors="0" failures="0" skipped="0" tests="17" time="2.736" timestamp="2026-04-30T21:49:06.663538+00:00" hostname="agent-env-071ce2f2-7af5-4ff6-ad7b-98684971f025"><testcase classname="backend.tests.backend_test" name="test_health" time="0.301" /><testcase classname="backend.tests.backend_test" name="test_list_products_seeded" time="0.089" /><testcase classname="backend.tests.backend_test" name="test_filter_by_category_collares" time="0.058" /><testcase classname="backend.tests.backend_test" name="test_filter_featured_true" time="0.049" /><testcase classname="backend.tests.backend_test" name="test_get_single_product" time="0.104" /><testcase classname="backend.tests.backend_test" name="test_login_success" time="0.275" /><testcase classname="backend.tests.backend_test" name="test_login_bad_password" time="0.279" /><testcase classname="backend.tests.backend_test" name="test_auth_me" time="0.321" /><testcase classname="backend.tests.backend_test" name="test_auth_me_no_token" time="0.164" /><testcase classname="backend.tests.backend_test" name="test_product_crud_flow" time="0.313" /><testcase classname="backend.tests.backend_test" name="test_create_product_unauthorized" time="0.051" /><testcase classname="backend.tests.backend_test" name="test_create_order" time="0.140" /><testcase classname="backend.tests.backend_test" name="test_list_orders_admin" time="0.062" /><testcase classname="backend.tests.backend_test" name="test_list_orders_unauthorized" time="0.047" /><testcase classname="backend.tests.backend_test" name="test_paypal_config" time="0.051" /><testcase classname="backend.tests.backend_test" name="test_paypal_create_and_capture_demo" time="0.151" /><testcase classname="backend.tests.backend_test" name="test_admin_stats" time="0.053" /></testsuite></testsuites>